<?xml version="1.0" encoding="UTF-8"?>
<!-- Generated by org.testng.reporters.JUnitXMLReporter -->
<testsuite ignored="0" hostname="Simran" failures="0" tests="7" name="Test" time="20.132" errors="0" timestamp="2025-07-19T10:32:36 IST">
  <testcase classname="testcases.productTestCases" name="UpdateProduct" time="11.372"/>
  <testcase classname="testcases.productTestCases" name="addNewProduct" time="0.44"/>
  <testcase classname="testcases.productTestCases" name="deleteProduct" time="1.361"/>
  <testcase classname="testcases.productTestCases" name="getAllProducts" time="2.051"/>
  <testcase classname="testcases.productTestCases" name="getLimitedProducts" time="0.686"/>
  <testcase classname="testcases.productTestCases" name="getSingleProduct" time="0.781"/>
  <testcase classname="testcases.productTestCases" name="sortedProduct" time="1.082"/>
</testsuite> <!-- Test -->
