<?xml version="1.0" encoding="UTF-8"?>
<!-- Generated by org.testng.reporters.JUnitXMLReporter -->
<testsuite ignored="0" hostname="Simran" failures="0" tests="5" name="Default test" time="13.2" errors="0" timestamp="2025-07-10T09:06:50 IST">
  <testcase classname="testcases.dataDrivenTestCase" name="addNewProduct" time="8.224"/>
  <testcase classname="testcases.dataDrivenTestCase" name="addNewProduct" time="0.794"/>
  <testcase classname="testcases.dataDrivenTestCase" name="addNewProduct" time="0.8"/>
  <testcase classname="testcases.dataDrivenTestCase" name="addNewProduct" time="0.81"/>
  <testcase classname="testcases.dataDrivenTestCase" name="addNewProduct" time="1.113"/>
</testsuite> <!-- Default test -->
