<?xml version="1.0" encoding="UTF-8"?>
<!-- Generated by org.testng.reporters.JUnitXMLReporter -->
<testsuite ignored="0" hostname="Simran" failures="0" tests="7" name="Test" time="13.852" errors="0" timestamp="2025-07-10T08:25:12 IST">
  <testcase classname="testcases.productTestCases" name="UpdateProduct" time="7.935"/>
  <testcase classname="testcases.productTestCases" name="addNewProduct" time="0.852"/>
  <testcase classname="testcases.productTestCases" name="deleteProduct" time="0.804"/>
  <testcase classname="testcases.productTestCases" name="getAllProducts" time="0.33"/>
  <testcase classname="testcases.productTestCases" name="getLimitedProducts" time="0.753"/>
  <testcase classname="testcases.productTestCases" name="getSingleProduct" time="0.85"/>
  <testcase classname="testcases.productTestCases" name="sortedProduct" time="1.014"/>
</testsuite> <!-- Test -->
