<?xml version="1.0" encoding="UTF-8"?>
<testng-results ignored="0" total="7" passed="7" failed="0" skipped="0">
  <reporter-output>
  </reporter-output>
  <suite started-at="2025-07-19T10:32:16 IST" name="API Automation Suite" finished-at="2025-07-19T10:32:36 IST" duration-ms="20132">
    <groups>
    </groups>
    <test started-at="2025-07-19T10:32:16 IST" name="Test" finished-at="2025-07-19T10:32:36 IST" duration-ms="20132">
      <class name="testcases.productTestCases">
        <test-method is-config="true" signature="setup()[pri:0, instance:testcases.productTestCases@61df66b6]" started-at="2025-07-19T10:32:17 IST" name="setup" finished-at="2025-07-19T10:32:18 IST" duration-ms="1227" status="PASS">
          <reporter-output>
          </reporter-output>
        </test-method> <!-- setup -->
        <test-method signature="UpdateProduct()[pri:0, instance:testcases.productTestCases@61df66b6]" started-at="2025-07-19T10:32:18 IST" name="UpdateProduct" finished-at="2025-07-19T10:32:29 IST" duration-ms="11372" status="PASS">
          <reporter-output>
          </reporter-output>
        </test-method> <!-- UpdateProduct -->
        <test-method signature="addNewProduct()[pri:0, instance:testcases.productTestCases@61df66b6]" started-at="2025-07-19T10:32:29 IST" name="addNewProduct" finished-at="2025-07-19T10:32:30 IST" duration-ms="440" status="PASS">
          <reporter-output>
          </reporter-output>
        </test-method> <!-- addNewProduct -->
        <test-method signature="deleteProduct()[pri:0, instance:testcases.productTestCases@61df66b6]" started-at="2025-07-19T10:32:30 IST" name="deleteProduct" finished-at="2025-07-19T10:32:31 IST" duration-ms="1361" status="PASS">
          <reporter-output>
          </reporter-output>
        </test-method> <!-- deleteProduct -->
        <test-method signature="getAllProducts()[pri:0, instance:testcases.productTestCases@61df66b6]" started-at="2025-07-19T10:32:31 IST" name="getAllProducts" finished-at="2025-07-19T10:32:33 IST" duration-ms="2051" status="PASS">
          <reporter-output>
          </reporter-output>
        </test-method> <!-- getAllProducts -->
        <test-method signature="getLimitedProducts()[pri:0, instance:testcases.productTestCases@61df66b6]" started-at="2025-07-19T10:32:33 IST" name="getLimitedProducts" finished-at="2025-07-19T10:32:34 IST" duration-ms="686" status="PASS">
          <reporter-output>
          </reporter-output>
        </test-method> <!-- getLimitedProducts -->
        <test-method signature="getSingleProduct()[pri:0, instance:testcases.productTestCases@61df66b6]" started-at="2025-07-19T10:32:34 IST" name="getSingleProduct" finished-at="2025-07-19T10:32:35 IST" duration-ms="781" status="PASS">
          <reporter-output>
          </reporter-output>
        </test-method> <!-- getSingleProduct -->
        <test-method signature="sortedProduct()[pri:0, instance:testcases.productTestCases@61df66b6]" started-at="2025-07-19T10:32:35 IST" name="sortedProduct" finished-at="2025-07-19T10:32:36 IST" duration-ms="1082" status="PASS">
          <reporter-output>
          </reporter-output>
        </test-method> <!-- sortedProduct -->
      </class> <!-- testcases.productTestCases -->
    </test> <!-- Test -->
  </suite> <!-- API Automation Suite -->
</testng-results>
